[debug] [2020-08-04T18:39:02.610Z] ----------------------------------------------------------------------
[debug] [2020-08-04T18:39:02.613Z] Command:       C:\Program Files\nodejs\node.exe C:\Users\Peter\AppData\Roaming\npm\node_modules\firebase-tools\lib\bin\firebase.js serve
[debug] [2020-08-04T18:39:02.613Z] CLI Version:   8.0.1
[debug] [2020-08-04T18:39:02.613Z] Platform:      win32
[debug] [2020-08-04T18:39:02.613Z] Node Version:  v12.16.1
[debug] [2020-08-04T18:39:02.614Z] Time:          Tue Aug 04 2020 19:39:02 GMT+0100 (British Summer Time)
[debug] [2020-08-04T18:39:02.614Z] ----------------------------------------------------------------------
[debug] [2020-08-04T18:39:02.614Z] 
[debug] [2020-08-04T18:39:02.626Z] > command requires scopes: ["email","openid","https://www.googleapis.com/auth/cloudplatformprojects.readonly","https://www.googleapis.com/auth/firebase","https://www.googleapis.com/auth/cloud-platform"]
[debug] [2020-08-04T18:39:02.627Z] > authorizing via signed-in user
[debug] [2020-08-04T18:39:02.627Z] [iam] checking project notflix-5777c for permissions ["firebase.projects.get"]
[debug] [2020-08-04T18:39:02.629Z] > refreshing access token with scopes: ["email","https://www.googleapis.com/auth/cloud-platform","https://www.googleapis.com/auth/cloudplatformprojects.readonly","https://www.googleapis.com/auth/firebase","openid"]
[debug] [2020-08-04T18:39:02.629Z] >>> HTTP REQUEST POST https://www.googleapis.com/oauth2/v3/token  
 <request body omitted>
[debug] [2020-08-04T18:39:02.747Z] <<< HTTP RESPONSE 200 {"content-type":"application/json; charset=utf-8","vary":"X-Origin, Referer, Origin,Accept-Encoding","date":"Tue, 04 Aug 2020 18:39:04 GMT","server":"scaffolding on HTTPServer2","cache-control":"private","x-xss-protection":"0","x-frame-options":"SAMEORIGIN","x-content-type-options":"nosniff","alt-svc":"h3-29=\":443\"; ma=2592000,h3-27=\":443\"; ma=2592000,h3-T050=\":443\"; ma=2592000,h3-Q050=\":443\"; ma=2592000,h3-Q046=\":443\"; ma=2592000,h3-Q043=\":443\"; ma=2592000,quic=\":443\"; ma=2592000; v=\"46,43\"","accept-ranges":"none","transfer-encoding":"chunked"}
[debug] [2020-08-04T18:39:02.753Z] >>> HTTP REQUEST POST https://cloudresourcemanager.googleapis.com/v1/projects/notflix-5777c:testIamPermissions  
 {"permissions":["firebase.projects.get"]}
[debug] [2020-08-04T18:39:03.383Z] <<< HTTP RESPONSE 200 {"content-type":"application/json; charset=UTF-8","vary":"X-Origin, Referer, Origin,Accept-Encoding","date":"Tue, 04 Aug 2020 18:39:04 GMT","server":"ESF","cache-control":"private","x-xss-protection":"0","x-frame-options":"SAMEORIGIN","x-content-type-options":"nosniff","server-timing":"gfet4t7; dur=560","alt-svc":"h3-29=\":443\"; ma=2592000,h3-27=\":443\"; ma=2592000,h3-T050=\":443\"; ma=2592000,h3-Q050=\":443\"; ma=2592000,h3-Q046=\":443\"; ma=2592000,h3-Q043=\":443\"; ma=2592000,quic=\":443\"; ma=2592000; v=\"46,43\"","accept-ranges":"none","transfer-encoding":"chunked"}
[debug] [2020-08-04T18:39:03.384Z] >>> HTTP REQUEST GET https://firebase.googleapis.com/v1beta1/projects/notflix-5777c  
 
[debug] [2020-08-04T18:39:03.606Z] <<< HTTP RESPONSE 200 {"content-type":"application/json; charset=UTF-8","vary":"X-Origin, Referer, Origin,Accept-Encoding","date":"Tue, 04 Aug 2020 18:39:05 GMT","server":"ESF","cache-control":"private","x-xss-protection":"0","x-frame-options":"SAMEORIGIN","x-content-type-options":"nosniff","alt-svc":"h3-29=\":443\"; ma=2592000,h3-27=\":443\"; ma=2592000,h3-T050=\":443\"; ma=2592000,h3-Q050=\":443\"; ma=2592000,h3-Q046=\":443\"; ma=2592000,h3-Q043=\":443\"; ma=2592000,quic=\":443\"; ma=2592000; v=\"46,43\"","accept-ranges":"none","transfer-encoding":"chunked"}
[info] 
[info] === Serving from 'D:\Users\Peter\code\omdb-api-challege'...
[info] 
[debug] [2020-08-04T18:39:03.609Z] >>> HTTP REQUEST GET https://firebase.googleapis.com/v1beta1/projects/notflix-5777c/webApps/-/config  
 
[debug] [2020-08-04T18:39:04.232Z] <<< HTTP RESPONSE 200 {"content-type":"application/json; charset=UTF-8","vary":"X-Origin, Referer, Origin,Accept-Encoding","date":"Tue, 04 Aug 2020 18:39:05 GMT","server":"ESF","cache-control":"private","x-xss-protection":"0","x-frame-options":"SAMEORIGIN","x-content-type-options":"nosniff","alt-svc":"h3-29=\":443\"; ma=2592000,h3-27=\":443\"; ma=2592000,h3-T050=\":443\"; ma=2592000,h3-Q050=\":443\"; ma=2592000,h3-Q046=\":443\"; ma=2592000,h3-Q043=\":443\"; ma=2592000,quic=\":443\"; ma=2592000; v=\"46,43\"","accept-ranges":"none","transfer-encoding":"chunked"}
[info] i  hosting: Serving hosting files from: build
[info] +  hosting: Local server: http://localhost:5000
